<?xml version="1.0" encoding="UTF-8"?>
<!-- Generated by org.testng.reporters.JUnitXMLReporter -->
<testsuite ignored="0" hostname="Shankar_Laptop" failures="0" tests="4" name="GoRestTest" time="9.602" errors="0" timestamp="2024-05-11T12:27:17 IST">
  <testcase classname="api.test.UserTests" name="testPostUser" time="3.43"/>
  <testcase classname="api.test.UserTests" name="testGetUserbyID" time="1.446"/>
  <testcase classname="api.test.UserTests" name="testEditUserById" time="2.342"/>
  <testcase classname="api.test.UserTests" name="testDeleteUser" time="1.43"/>
</testsuite> <!-- GoRestTest -->
