<?xml version="1.0" encoding="UTF-8"?>
<!-- Generated by org.testng.reporters.JUnitXMLReporter -->
<testsuite ignored="0" hostname="Shankar_Laptop" failures="0" tests="4" name="GoRestTest" time="5.6" errors="0" timestamp="2024-05-11T14:26:47 IST">
  <testcase classname="api.test.UserTests" name="testPostUser" time="2.577"/>
  <testcase classname="api.test.UserTests" name="testGetUserbyID" time="0.581"/>
  <testcase classname="api.test.UserTests" name="testEditUserById" time="1.194"/>
  <testcase classname="api.test.UserTests" name="testDeleteUser" time="0.417"/>
</testsuite> <!-- GoRestTest -->
