<?xml version="1.0" encoding="UTF-8"?>
<!-- Generated by org.testng.reporters.JUnitXMLReporter -->
<testsuite ignored="0" hostname="Shankar_Laptop" failures="0" tests="4" name="Default test" time="7.649" errors="0" timestamp="2024-05-10T14:52:01 IST">
  <testcase classname="api.test.UserTests" name="testPostUser" time="2.815"/>
  <testcase classname="api.test.UserTests" name="testGetUserbyID" time="1.27"/>
  <testcase classname="api.test.UserTests" name="testEditUserById" time="2.122"/>
  <testcase classname="api.test.UserTests" name="testDeleteUser" time="1.205"/>
</testsuite> <!-- Default test -->
