<?xml version="1.0" encoding="UTF-8"?>
<testng-results ignored="0" total="4" passed="4" failed="0" skipped="0">
  <reporter-output>
  </reporter-output>
  <suite started-at="2024-05-11T14:26:41 IST" name="GoRestSuite" finished-at="2024-05-11T14:26:47 IST" duration-ms="5600">
    <groups>
    </groups>
    <test started-at="2024-05-11T14:26:41 IST" name="GoRestTest" finished-at="2024-05-11T14:26:47 IST" duration-ms="5600">
      <class name="api.test.UserTests">
        <test-method is-config="true" signature="setupData()[pri:0, instance:api.test.UserTests@56620197]" started-at="2024-05-11T14:26:41 IST" name="setupData" finished-at="2024-05-11T14:26:42 IST" duration-ms="628" status="PASS">
          <reporter-output>
          </reporter-output>
        </test-method> <!-- setupData -->
        <test-method signature="testPostUser(org.testng.ITestContext)[pri:1, instance:api.test.UserTests@56620197]" started-at="2024-05-11T14:26:42 IST" name="testPostUser" finished-at="2024-05-11T14:26:45 IST" duration-ms="2577" status="PASS">
          <params>
            <param index="0">
              <value>
                <![CDATA[org.testng.TestRunner@4d93f75b]]>
              </value>
            </param>
          </params>
          <reporter-output>
          </reporter-output>
        </test-method> <!-- testPostUser -->
        <test-method signature="testGetUserbyID(org.testng.ITestContext)[pri:2, instance:api.test.UserTests@56620197]" started-at="2024-05-11T14:26:45 IST" name="testGetUserbyID" finished-at="2024-05-11T14:26:45 IST" duration-ms="581" status="PASS">
          <params>
            <param index="0">
              <value>
                <![CDATA[org.testng.TestRunner@4d93f75b]]>
              </value>
            </param>
          </params>
          <reporter-output>
          </reporter-output>
        </test-method> <!-- testGetUserbyID -->
        <test-method signature="testEditUserById(org.testng.ITestContext)[pri:3, instance:api.test.UserTests@56620197]" started-at="2024-05-11T14:26:45 IST" name="testEditUserById" finished-at="2024-05-11T14:26:46 IST" duration-ms="1194" status="PASS">
          <params>
            <param index="0">
              <value>
                <![CDATA[org.testng.TestRunner@4d93f75b]]>
              </value>
            </param>
          </params>
          <reporter-output>
          </reporter-output>
        </test-method> <!-- testEditUserById -->
        <test-method signature="testDeleteUser(org.testng.ITestContext)[pri:4, instance:api.test.UserTests@56620197]" started-at="2024-05-11T14:26:46 IST" name="testDeleteUser" finished-at="2024-05-11T14:26:47 IST" duration-ms="417" status="PASS">
          <params>
            <param index="0">
              <value>
                <![CDATA[org.testng.TestRunner@4d93f75b]]>
              </value>
            </param>
          </params>
          <reporter-output>
          </reporter-output>
        </test-method> <!-- testDeleteUser -->
      </class> <!-- api.test.UserTests -->
    </test> <!-- GoRestTest -->
  </suite> <!-- GoRestSuite -->
</testng-results>
