<?xml version="1.0" encoding="UTF-8"?>
<testsuite xmlns:xsi="http://www.w3.org/2001/XMLSchema-instance" xsi:noNamespaceSchemaLocation="https://maven.apache.org/surefire/maven-surefire-plugin/xsd/surefire-test-report-3.0.xsd" version="3.0" name="TestSuite" time="6.444" tests="4" errors="0" skipped="0" failures="0">
  <properties>
[...]
</properties>
  <testcase name="testPostUser[org.testng.TestRunner@4d93f75b](1)" classname="api.test.UserTests" time="2.577">
    <system-out><![CDATA[HTTP/1.1 201 Created
Date: Sat, 11 May 2024 08:56:45 GMT
Content-Type: application/json; charset=utf-8
Content-Length: 107
Connection: keep-alive
Cache-Control: max-age=0, private, must-revalidate
etag: W/"198dda12f2c8320077246d1e6c9789c0"
location: https://gorest.co.in/public/v2/users/6902610
referrer-policy: strict-origin-when-cross-origin
vary: Origin
x-content-type-options: nosniff
x-download-options: noopen
x-frame-options: SAMEORIGIN
x-permitted-cross-domain-policies: none
x-ratelimit-limit: 90
x-ratelimit-remaining: 89
x-ratelimit-reset: 1
x-request-id: befa99ce-81e4-4d0a-b348-5869869daf16
x-runtime: 0.115520
x-xss-protection: 0
CF-Cache-Status: DYNAMIC
Report-To: {"endpoints":[{"url":"https:\/\/a.nel.cloudflare.com\/report\/v4?s=fs7OSGYpMocaGknsNjBnYh3QzyypQ3cpAS2OEkBHxVpkvaGWZpiZlVIUMc58oam5Zitt74c0PkR14xYARMWkj3JJZWXZrlRjmMa3%2BH%2B0p9agGSKUcKbZkYvEKQMLKlk%3D"}],"group":"cf-nel","max_age":604800}
NEL: {"success_fraction":0,"report_to":"cf-nel","max_age":604800}
Server: cloudflare
CF-RAY: 8820f5201c489f74-SIN
alt-svc: h3=":443"; ma=86400

{
    "id": 6902610,
    "name": "abdul.tillman",
    "email": "solomon.kuhic@example.com",
    "gender": "male",
    "status": "active"
}
]]></system-out>
  </testcase>
  <testcase name="testGetUserbyID[org.testng.TestRunner@4d93f75b](1)" classname="api.test.UserTests" time="0.608">
    <system-out><![CDATA[HTTP/1.1 200 OK
Date: Sat, 11 May 2024 08:56:46 GMT
Content-Type: application/json; charset=utf-8
Transfer-Encoding: chunked
Connection: keep-alive
Cache-Control: max-age=0, private, must-revalidate
etag: W/"198dda12f2c8320077246d1e6c9789c0"
referrer-policy: strict-origin-when-cross-origin
vary: Origin
x-content-type-options: nosniff
x-download-options: noopen
x-frame-options: SAMEORIGIN
x-permitted-cross-domain-policies: none
x-ratelimit-limit: 90
x-ratelimit-remaining: 89
x-ratelimit-reset: 1
x-request-id: 1b8d5a5d-486d-4fe8-9d11-f6b498576884
x-runtime: 0.056043
x-xss-protection: 0
CF-Cache-Status: DYNAMIC
Report-To: {"endpoints":[{"url":"https:\/\/a.nel.cloudflare.com\/report\/v4?s=AiSkLoj7N3HS1SGnWS0rs1UOBblUkKAi43K%2FpYcP7045Ybi%2FckaYqLekiQEv8MMfWjDhlqQQhwrvn5gP04cY8m1IT5zk15i73VuZUYmKq44KKp%2FTps18qlwhbNobUho%3D"}],"group":"cf-nel","max_age":604800}
NEL: {"success_fraction":0,"report_to":"cf-nel","max_age":604800}
Server: cloudflare
CF-RAY: 8820f527782e4a02-SIN
Content-Encoding: gzip
alt-svc: h3=":443"; ma=86400

{
    "id": 6902610,
    "name": "abdul.tillman",
    "email": "solomon.kuhic@example.com",
    "gender": "male",
    "status": "active"
}
]]></system-out>
  </testcase>
  <testcase name="testEditUserById[org.testng.TestRunner@4d93f75b](1)" classname="api.test.UserTests" time="1.194">
    <system-out><![CDATA[{
    "email": "adella.smitham@example.com",
    "name": "ty.adams",
    "gender": "male",
    "status": "active",
    "id": 6902610
}
]]></system-out>
  </testcase>
  <testcase name="testDeleteUser[org.testng.TestRunner@4d93f75b](1)" classname="api.test.UserTests" time="0.458">
    <system-out><![CDATA[HTTP/1.1 204 No Content
Date: Sat, 11 May 2024 08:56:47 GMT
Connection: keep-alive
Cache-Control: no-cache
referrer-policy: strict-origin-when-cross-origin
vary: Origin
x-content-type-options: nosniff
x-download-options: noopen
x-frame-options: SAMEORIGIN
x-permitted-cross-domain-policies: none
x-ratelimit-limit: 90
x-ratelimit-remaining: 88
x-ratelimit-reset: 2
x-request-id: 5af55e0f-499a-4816-8b23-56d73b00373f
x-runtime: 0.088844
x-xss-protection: 0
CF-Cache-Status: DYNAMIC
Report-To: {"endpoints":[{"url":"https:\/\/a.nel.cloudflare.com\/report\/v4?s=79U7yCXNttSRWe49uYLSOe3RKqFUREnVxfNgLUhqeZPyjnoy%2Fi9JsgqC4L%2FmnEvVZiCKdLEjjD9qf%2BAe9DrAoHNy5VKRxctlQlwVKTOWYVSlFKwK1pwvgcpr6KgIr2E%3D"}],"group":"cf-nel","max_age":604800}
NEL: {"success_fraction":0,"report_to":"cf-nel","max_age":604800}
Server: cloudflare
CF-RAY: 8820f5328cb49ca5-SIN
alt-svc: h3=":443"; ma=86400
]]></system-out>
  </testcase>
</testsuite>